<?xml version="1.0" encoding="UTF-8"?>
<testsuite xmlns:xsi="http://www.w3.org/2001/XMLSchema-instance" xsi:noNamespaceSchemaLocation="https://maven.apache.org/surefire/maven-surefire-plugin/xsd/surefire-test-report.xsd" name="ThreeCardLogicTest" time="0.028" tests="90" errors="0" skipped="0" failures="0">
  <properties>
    <property name="java.specification.version" value="22"/>
    <property name="sun.jnu.encoding" value="UTF-8"/>
    <property name="java.class.path" value="/Users/loganlucas/three-card-poker/server/target/test-classes:/Users/loganlucas/three-card-poker/server/target/classes:/Users/loganlucas/.m2/repository/org/junit/jupiter/junit-jupiter/5.9.1/junit-jupiter-5.9.1.jar:/Users/loganlucas/.m2/repository/org/junit/jupiter/junit-jupiter-api/5.9.1/junit-jupiter-api-5.9.1.jar:/Users/loganlucas/.m2/repository/org/opentest4j/opentest4j/1.2.0/opentest4j-1.2.0.jar:/Users/loganlucas/.m2/repository/org/junit/platform/junit-platform-commons/1.9.1/junit-platform-commons-1.9.1.jar:/Users/loganlucas/.m2/repository/org/apiguardian/apiguardian-api/1.1.2/apiguardian-api-1.1.2.jar:/Users/loganlucas/.m2/repository/org/junit/jupiter/junit-jupiter-params/5.9.1/junit-jupiter-params-5.9.1.jar:/Users/loganlucas/.m2/repository/org/junit/jupiter/junit-jupiter-engine/5.9.1/junit-jupiter-engine-5.9.1.jar:/Users/loganlucas/.m2/repository/org/junit/platform/junit-platform-engine/1.9.1/junit-platform-engine-1.9.1.jar:/Users/loganlucas/.m2/repository/org/openjfx/javafx-controls/19.0.2.1/javafx-controls-19.0.2.1.jar:/Users/loganlucas/.m2/repository/org/openjfx/javafx-controls/19.0.2.1/javafx-controls-19.0.2.1-mac-aarch64.jar:/Users/loganlucas/.m2/repository/org/openjfx/javafx-graphics/19.0.2.1/javafx-graphics-19.0.2.1.jar:/Users/loganlucas/.m2/repository/org/openjfx/javafx-graphics/19.0.2.1/javafx-graphics-19.0.2.1-mac-aarch64.jar:/Users/loganlucas/.m2/repository/org/openjfx/javafx-base/19.0.2.1/javafx-base-19.0.2.1.jar:/Users/loganlucas/.m2/repository/org/openjfx/javafx-base/19.0.2.1/javafx-base-19.0.2.1-mac-aarch64.jar:/Users/loganlucas/.m2/repository/org/openjfx/javafx-fxml/19.0.2.1/javafx-fxml-19.0.2.1.jar:/Users/loganlucas/.m2/repository/org/openjfx/javafx-fxml/19.0.2.1/javafx-fxml-19.0.2.1-mac-aarch64.jar:"/>
    <property name="java.vm.vendor" value="Homebrew"/>
    <property name="sun.arch.data.model" value="64"/>
    <property name="java.vendor.url" value="https://github.com/Homebrew/homebrew-core/issues"/>
    <property name="os.name" value="Mac OS X"/>
    <property name="java.vm.specification.version" value="22"/>
    <property name="sun.java.launcher" value="SUN_STANDARD"/>
    <property name="user.country" value="US"/>
    <property name="sun.boot.library.path" value="/opt/homebrew/Cellar/openjdk/22.0.2/libexec/openjdk.jdk/Contents/Home/lib"/>
    <property name="sun.java.command" value="/Users/loganlucas/three-card-poker/server/target/surefire/surefirebooter16120617400772503670.jar /Users/loganlucas/three-card-poker/server/target/surefire 2024-12-06T20-47-16_818-jvmRun1 surefire6764445200162248888tmp surefire_0654681119126802064tmp"/>
    <property name="http.nonProxyHosts" value="local|*.local|169.254/16|*.169.254/16"/>
    <property name="jdk.debug" value="release"/>
    <property name="surefire.test.class.path" value="/Users/loganlucas/three-card-poker/server/target/test-classes:/Users/loganlucas/three-card-poker/server/target/classes:/Users/loganlucas/.m2/repository/org/junit/jupiter/junit-jupiter/5.9.1/junit-jupiter-5.9.1.jar:/Users/loganlucas/.m2/repository/org/junit/jupiter/junit-jupiter-api/5.9.1/junit-jupiter-api-5.9.1.jar:/Users/loganlucas/.m2/repository/org/opentest4j/opentest4j/1.2.0/opentest4j-1.2.0.jar:/Users/loganlucas/.m2/repository/org/junit/platform/junit-platform-commons/1.9.1/junit-platform-commons-1.9.1.jar:/Users/loganlucas/.m2/repository/org/apiguardian/apiguardian-api/1.1.2/apiguardian-api-1.1.2.jar:/Users/loganlucas/.m2/repository/org/junit/jupiter/junit-jupiter-params/5.9.1/junit-jupiter-params-5.9.1.jar:/Users/loganlucas/.m2/repository/org/junit/jupiter/junit-jupiter-engine/5.9.1/junit-jupiter-engine-5.9.1.jar:/Users/loganlucas/.m2/repository/org/junit/platform/junit-platform-engine/1.9.1/junit-platform-engine-1.9.1.jar:/Users/loganlucas/.m2/repository/org/openjfx/javafx-controls/19.0.2.1/javafx-controls-19.0.2.1.jar:/Users/loganlucas/.m2/repository/org/openjfx/javafx-controls/19.0.2.1/javafx-controls-19.0.2.1-mac-aarch64.jar:/Users/loganlucas/.m2/repository/org/openjfx/javafx-graphics/19.0.2.1/javafx-graphics-19.0.2.1.jar:/Users/loganlucas/.m2/repository/org/openjfx/javafx-graphics/19.0.2.1/javafx-graphics-19.0.2.1-mac-aarch64.jar:/Users/loganlucas/.m2/repository/org/openjfx/javafx-base/19.0.2.1/javafx-base-19.0.2.1.jar:/Users/loganlucas/.m2/repository/org/openjfx/javafx-base/19.0.2.1/javafx-base-19.0.2.1-mac-aarch64.jar:/Users/loganlucas/.m2/repository/org/openjfx/javafx-fxml/19.0.2.1/javafx-fxml-19.0.2.1.jar:/Users/loganlucas/.m2/repository/org/openjfx/javafx-fxml/19.0.2.1/javafx-fxml-19.0.2.1-mac-aarch64.jar:"/>
    <property name="sun.cpu.endian" value="little"/>
    <property name="user.home" value="/Users/loganlucas"/>
    <property name="user.language" value="en"/>
    <property name="java.specification.vendor" value="Oracle Corporation"/>
    <property name="java.version.date" value="2024-07-16"/>
    <property name="java.home" value="/opt/homebrew/Cellar/openjdk/22.0.2/libexec/openjdk.jdk/Contents/Home"/>
    <property name="file.separator" value="/"/>
    <property name="basedir" value="/Users/loganlucas/three-card-poker/server"/>
    <property name="java.vm.compressedOopsMode" value="Zero based"/>
    <property name="line.separator" value="&#10;"/>
    <property name="java.vm.specification.vendor" value="Oracle Corporation"/>
    <property name="java.specification.name" value="Java Platform API Specification"/>
    <property name="apple.awt.application.name" value="ForkedBooter"/>
    <property name="surefire.real.class.path" value="/Users/loganlucas/three-card-poker/server/target/surefire/surefirebooter16120617400772503670.jar"/>
    <property name="sun.management.compiler" value="HotSpot 64-Bit Tiered Compilers"/>
    <property name="ftp.nonProxyHosts" value="local|*.local|169.254/16|*.169.254/16"/>
    <property name="java.runtime.version" value="22.0.2"/>
    <property name="user.name" value="loganlucas"/>
    <property name="stdout.encoding" value="UTF-8"/>
    <property name="path.separator" value=":"/>
    <property name="os.version" value="15.0.1"/>
    <property name="java.runtime.name" value="OpenJDK Runtime Environment"/>
    <property name="file.encoding" value="UTF-8"/>
    <property name="java.vm.name" value="OpenJDK 64-Bit Server VM"/>
    <property name="java.vendor.version" value="Homebrew"/>
    <property name="localRepository" value="/Users/loganlucas/.m2/repository"/>
    <property name="java.vendor.url.bug" value="https://github.com/Homebrew/homebrew-core/issues"/>
    <property name="java.io.tmpdir" value="/var/folders/3v/vjx7sg4x5vz1f03sm_z948cr0000gn/T/"/>
    <property name="java.version" value="22.0.2"/>
    <property name="user.dir" value="/Users/loganlucas/three-card-poker/server"/>
    <property name="os.arch" value="aarch64"/>
    <property name="java.vm.specification.name" value="Java Virtual Machine Specification"/>
    <property name="native.encoding" value="UTF-8"/>
    <property name="java.library.path" value="/Users/loganlucas/Library/Java/Extensions:/Library/Java/Extensions:/Network/Library/Java/Extensions:/System/Library/Java/Extensions:/usr/lib/java:."/>
    <property name="java.vm.info" value="mixed mode, sharing"/>
    <property name="stderr.encoding" value="UTF-8"/>
    <property name="java.vendor" value="Homebrew"/>
    <property name="java.vm.version" value="22.0.2"/>
    <property name="sun.io.unicode.encoding" value="UnicodeBig"/>
    <property name="socksNonProxyHosts" value="local|*.local|169.254/16|*.169.254/16"/>
    <property name="java.class.version" value="66.0"/>
  </properties>
  <testcase name="evalHandTest10" classname="ThreeCardLogicTest" time="0"/>
  <testcase name="evalHandTest11" classname="ThreeCardLogicTest" time="0"/>
  <testcase name="evalHandTest12" classname="ThreeCardLogicTest" time="0"/>
  <testcase name="evalHandTest13" classname="ThreeCardLogicTest" time="0"/>
  <testcase name="evalHandTest14" classname="ThreeCardLogicTest" time="0"/>
  <testcase name="evalHandTest15" classname="ThreeCardLogicTest" time="0"/>
  <testcase name="evalHandTest16" classname="ThreeCardLogicTest" time="0.001"/>
  <testcase name="evalHandTest17" classname="ThreeCardLogicTest" time="0"/>
  <testcase name="evalHandTest1" classname="ThreeCardLogicTest" time="0"/>
  <testcase name="evalHandTest2" classname="ThreeCardLogicTest" time="0.001"/>
  <testcase name="evalHandTest3" classname="ThreeCardLogicTest" time="0"/>
  <testcase name="evalHandTest4" classname="ThreeCardLogicTest" time="0"/>
  <testcase name="evalHandTest5" classname="ThreeCardLogicTest" time="0.001"/>
  <testcase name="evalHandTest6" classname="ThreeCardLogicTest" time="0"/>
  <testcase name="evalHandTest7" classname="ThreeCardLogicTest" time="0"/>
  <testcase name="evalHandTest8" classname="ThreeCardLogicTest" time="0"/>
  <testcase name="evalHandTest9" classname="ThreeCardLogicTest" time="0"/>
  <testcase name="compareTest10" classname="ThreeCardLogicTest" time="0"/>
  <testcase name="compareTest11" classname="ThreeCardLogicTest" time="0"/>
  <testcase name="compareTest12" classname="ThreeCardLogicTest" time="0.001"/>
  <testcase name="compareTest13" classname="ThreeCardLogicTest" time="0"/>
  <testcase name="compareTest14" classname="ThreeCardLogicTest" time="0"/>
  <testcase name="compareTest15" classname="ThreeCardLogicTest" time="0"/>
  <testcase name="compareTest16" classname="ThreeCardLogicTest" time="0"/>
  <testcase name="compareTest17" classname="ThreeCardLogicTest" time="0"/>
  <testcase name="compareTest18" classname="ThreeCardLogicTest" time="0"/>
  <testcase name="compareTest19" classname="ThreeCardLogicTest" time="0"/>
  <testcase name="compareTest20" classname="ThreeCardLogicTest" time="0.001"/>
  <testcase name="compareTest21" classname="ThreeCardLogicTest" time="0"/>
  <testcase name="compareTest22" classname="ThreeCardLogicTest" time="0"/>
  <testcase name="compareTest23" classname="ThreeCardLogicTest" time="0"/>
  <testcase name="compareTest1" classname="ThreeCardLogicTest" time="0.001"/>
  <testcase name="compareTest2" classname="ThreeCardLogicTest" time="0"/>
  <testcase name="compareTest3" classname="ThreeCardLogicTest" time="0.001"/>
  <testcase name="compareTest4" classname="ThreeCardLogicTest" time="0"/>
  <testcase name="compareTest5" classname="ThreeCardLogicTest" time="0"/>
  <testcase name="compareTest6" classname="ThreeCardLogicTest" time="0"/>
  <testcase name="compareTest7" classname="ThreeCardLogicTest" time="0"/>
  <testcase name="compareTest8" classname="ThreeCardLogicTest" time="0"/>
  <testcase name="compareTest9" classname="ThreeCardLogicTest" time="0"/>
  <testcase name="qualifyTest10" classname="ThreeCardLogicTest" time="0.001"/>
  <testcase name="qualifyTest11" classname="ThreeCardLogicTest" time="0"/>
  <testcase name="qualifyTest12" classname="ThreeCardLogicTest" time="0"/>
  <testcase name="qualifyTest13" classname="ThreeCardLogicTest" time="0.001"/>
  <testcase name="qualifyTest14" classname="ThreeCardLogicTest" time="0"/>
  <testcase name="qualifyTest15" classname="ThreeCardLogicTest" time="0"/>
  <testcase name="qualifyTest16" classname="ThreeCardLogicTest" time="0"/>
  <testcase name="qualifyTest17" classname="ThreeCardLogicTest" time="0"/>
  <testcase name="qualifyTest18" classname="ThreeCardLogicTest" time="0"/>
  <testcase name="qualifyTest19" classname="ThreeCardLogicTest" time="0"/>
  <testcase name="qualifyTest20" classname="ThreeCardLogicTest" time="0"/>
  <testcase name="qualifyTest21" classname="ThreeCardLogicTest" time="0"/>
  <testcase name="qualifyTest22" classname="ThreeCardLogicTest" time="0"/>
  <testcase name="qualifyTest23" classname="ThreeCardLogicTest" time="0"/>
  <testcase name="qualifyTest24" classname="ThreeCardLogicTest" time="0"/>
  <testcase name="qualifyTest25" classname="ThreeCardLogicTest" time="0"/>
  <testcase name="qualifyTest26" classname="ThreeCardLogicTest" time="0"/>
  <testcase name="qualifyTest27" classname="ThreeCardLogicTest" time="0"/>
  <testcase name="qualifyTest28" classname="ThreeCardLogicTest" time="0.001"/>
  <testcase name="qualifyTest29" classname="ThreeCardLogicTest" time="0"/>
  <testcase name="qualifyTest30" classname="ThreeCardLogicTest" time="0.003"/>
  <testcase name="qualifyTest31" classname="ThreeCardLogicTest" time="0.001"/>
  <testcase name="qualifyTest1" classname="ThreeCardLogicTest" time="0"/>
  <testcase name="qualifyTest2" classname="ThreeCardLogicTest" time="0.001"/>
  <testcase name="qualifyTest3" classname="ThreeCardLogicTest" time="0"/>
  <testcase name="qualifyTest4" classname="ThreeCardLogicTest" time="0"/>
  <testcase name="qualifyTest5" classname="ThreeCardLogicTest" time="0"/>
  <testcase name="qualifyTest6" classname="ThreeCardLogicTest" time="0"/>
  <testcase name="qualifyTest7" classname="ThreeCardLogicTest" time="0"/>
  <testcase name="qualifyTest8" classname="ThreeCardLogicTest" time="0"/>
  <testcase name="qualifyTest9" classname="ThreeCardLogicTest" time="0"/>
  <testcase name="evalPPTest10" classname="ThreeCardLogicTest" time="0.001"/>
  <testcase name="evalPPTest11" classname="ThreeCardLogicTest" time="0"/>
  <testcase name="evalPPTest12" classname="ThreeCardLogicTest" time="0"/>
  <testcase name="evalPPTest13" classname="ThreeCardLogicTest" time="0"/>
  <testcase name="evalPPTest14" classname="ThreeCardLogicTest" time="0"/>
  <testcase name="evalPPTest15" classname="ThreeCardLogicTest" time="0"/>
  <testcase name="evalPPTest16" classname="ThreeCardLogicTest" time="0"/>
  <testcase name="evalPPTest17" classname="ThreeCardLogicTest" time="0"/>
  <testcase name="evalPPTest18" classname="ThreeCardLogicTest" time="0"/>
  <testcase name="evalPPTest19" classname="ThreeCardLogicTest" time="0.001"/>
  <testcase name="evalPPTest1" classname="ThreeCardLogicTest" time="0"/>
  <testcase name="evalPPTest2" classname="ThreeCardLogicTest" time="0"/>
  <testcase name="evalPPTest3" classname="ThreeCardLogicTest" time="0"/>
  <testcase name="evalPPTest4" classname="ThreeCardLogicTest" time="0"/>
  <testcase name="evalPPTest5" classname="ThreeCardLogicTest" time="0.001"/>
  <testcase name="evalPPTest6" classname="ThreeCardLogicTest" time="0"/>
  <testcase name="evalPPTest7" classname="ThreeCardLogicTest" time="0"/>
  <testcase name="evalPPTest8" classname="ThreeCardLogicTest" time="0"/>
  <testcase name="evalPPTest9" classname="ThreeCardLogicTest" time="0"/>
</testsuite>