<?xml version="1.0" encoding="UTF-8"?>
<testsuite xmlns:xsi="http://www.w3.org/2001/XMLSchema-instance" xsi:noNamespaceSchemaLocation="https://maven.apache.org/surefire/maven-surefire-plugin/xsd/surefire-test-report.xsd" name="ThreeCardLogicTest" time="0.01" tests="48" errors="0" skipped="0" failures="0">
  <properties>
    <property name="sun.desktop" value="windows"/>
    <property name="awt.toolkit" value="sun.awt.windows.WToolkit"/>
    <property name="java.specification.version" value="11"/>
    <property name="sun.cpu.isalist" value="amd64"/>
    <property name="sun.jnu.encoding" value="Cp1252"/>
    <property name="java.class.path" value="C:\Users\Logs2\git\three-card-poker\target\test-classes;C:\Users\Logs2\git\three-card-poker\target\classes;C:\Users\Logs2\.m2\repository\org\junit\jupiter\junit-jupiter\5.9.1\junit-jupiter-5.9.1.jar;C:\Users\Logs2\.m2\repository\org\junit\jupiter\junit-jupiter-api\5.9.1\junit-jupiter-api-5.9.1.jar;C:\Users\Logs2\.m2\repository\org\opentest4j\opentest4j\1.2.0\opentest4j-1.2.0.jar;C:\Users\Logs2\.m2\repository\org\junit\platform\junit-platform-commons\1.9.1\junit-platform-commons-1.9.1.jar;C:\Users\Logs2\.m2\repository\org\apiguardian\apiguardian-api\1.1.2\apiguardian-api-1.1.2.jar;C:\Users\Logs2\.m2\repository\org\junit\jupiter\junit-jupiter-params\5.9.1\junit-jupiter-params-5.9.1.jar;C:\Users\Logs2\.m2\repository\org\junit\jupiter\junit-jupiter-engine\5.9.1\junit-jupiter-engine-5.9.1.jar;C:\Users\Logs2\.m2\repository\org\junit\platform\junit-platform-engine\1.9.1\junit-platform-engine-1.9.1.jar;C:\Users\Logs2\.m2\repository\org\openjfx\javafx-controls\19.0.2.1\javafx-controls-19.0.2.1.jar;C:\Users\Logs2\.m2\repository\org\openjfx\javafx-controls\19.0.2.1\javafx-controls-19.0.2.1-win.jar;C:\Users\Logs2\.m2\repository\org\openjfx\javafx-graphics\19.0.2.1\javafx-graphics-19.0.2.1.jar;C:\Users\Logs2\.m2\repository\org\openjfx\javafx-graphics\19.0.2.1\javafx-graphics-19.0.2.1-win.jar;C:\Users\Logs2\.m2\repository\org\openjfx\javafx-base\19.0.2.1\javafx-base-19.0.2.1.jar;C:\Users\Logs2\.m2\repository\org\openjfx\javafx-base\19.0.2.1\javafx-base-19.0.2.1-win.jar;C:\Users\Logs2\.m2\repository\org\openjfx\javafx-fxml\19.0.2.1\javafx-fxml-19.0.2.1.jar;C:\Users\Logs2\.m2\repository\org\openjfx\javafx-fxml\19.0.2.1\javafx-fxml-19.0.2.1-win.jar;"/>
    <property name="java.vm.vendor" value="Oracle Corporation"/>
    <property name="sun.arch.data.model" value="64"/>
    <property name="user.variant" value=""/>
    <property name="java.vendor.url" value="https://openjdk.java.net/"/>
    <property name="user.timezone" value="America/Chicago"/>
    <property name="java.vm.specification.version" value="11"/>
    <property name="os.name" value="Windows 11"/>
    <property name="sun.java.launcher" value="SUN_STANDARD"/>
    <property name="user.country" value="US"/>
    <property name="sun.boot.library.path" value="C:\Program Files\Java\jdk-11\bin"/>
    <property name="sun.java.command" value="C:\Users\Logs2\AppData\Local\Temp\surefire13575334731972343536\surefirebooter992075851129680237.jar C:\Users\Logs2\AppData\Local\Temp\surefire13575334731972343536 2024-11-10T11-30-40_554-jvmRun1 surefire10787590990889693306tmp surefire_02658161727852509307tmp"/>
    <property name="jdk.debug" value="release"/>
    <property name="surefire.test.class.path" value="C:\Users\Logs2\git\three-card-poker\target\test-classes;C:\Users\Logs2\git\three-card-poker\target\classes;C:\Users\Logs2\.m2\repository\org\junit\jupiter\junit-jupiter\5.9.1\junit-jupiter-5.9.1.jar;C:\Users\Logs2\.m2\repository\org\junit\jupiter\junit-jupiter-api\5.9.1\junit-jupiter-api-5.9.1.jar;C:\Users\Logs2\.m2\repository\org\opentest4j\opentest4j\1.2.0\opentest4j-1.2.0.jar;C:\Users\Logs2\.m2\repository\org\junit\platform\junit-platform-commons\1.9.1\junit-platform-commons-1.9.1.jar;C:\Users\Logs2\.m2\repository\org\apiguardian\apiguardian-api\1.1.2\apiguardian-api-1.1.2.jar;C:\Users\Logs2\.m2\repository\org\junit\jupiter\junit-jupiter-params\5.9.1\junit-jupiter-params-5.9.1.jar;C:\Users\Logs2\.m2\repository\org\junit\jupiter\junit-jupiter-engine\5.9.1\junit-jupiter-engine-5.9.1.jar;C:\Users\Logs2\.m2\repository\org\junit\platform\junit-platform-engine\1.9.1\junit-platform-engine-1.9.1.jar;C:\Users\Logs2\.m2\repository\org\openjfx\javafx-controls\19.0.2.1\javafx-controls-19.0.2.1.jar;C:\Users\Logs2\.m2\repository\org\openjfx\javafx-controls\19.0.2.1\javafx-controls-19.0.2.1-win.jar;C:\Users\Logs2\.m2\repository\org\openjfx\javafx-graphics\19.0.2.1\javafx-graphics-19.0.2.1.jar;C:\Users\Logs2\.m2\repository\org\openjfx\javafx-graphics\19.0.2.1\javafx-graphics-19.0.2.1-win.jar;C:\Users\Logs2\.m2\repository\org\openjfx\javafx-base\19.0.2.1\javafx-base-19.0.2.1.jar;C:\Users\Logs2\.m2\repository\org\openjfx\javafx-base\19.0.2.1\javafx-base-19.0.2.1-win.jar;C:\Users\Logs2\.m2\repository\org\openjfx\javafx-fxml\19.0.2.1\javafx-fxml-19.0.2.1.jar;C:\Users\Logs2\.m2\repository\org\openjfx\javafx-fxml\19.0.2.1\javafx-fxml-19.0.2.1-win.jar;"/>
    <property name="sun.cpu.endian" value="little"/>
    <property name="user.home" value="C:\Users\Logs2"/>
    <property name="user.language" value="en"/>
    <property name="java.specification.vendor" value="Oracle Corporation"/>
    <property name="java.version.date" value="2024-07-16"/>
    <property name="java.home" value="C:\Program Files\Java\jdk-11"/>
    <property name="file.separator" value="\"/>
    <property name="style.color" value="always"/>
    <property name="basedir" value="C:\Users\Logs2\git\three-card-poker"/>
    <property name="java.vm.compressedOopsMode" value="Zero based"/>
    <property name="line.separator" value="&#10;"/>
    <property name="java.specification.name" value="Java Platform API Specification"/>
    <property name="java.vm.specification.vendor" value="Oracle Corporation"/>
    <property name="java.awt.graphicsenv" value="sun.awt.Win32GraphicsEnvironment"/>
    <property name="surefire.real.class.path" value="C:\Users\Logs2\AppData\Local\Temp\surefire13575334731972343536\surefirebooter992075851129680237.jar"/>
    <property name="user.script" value=""/>
    <property name="sun.management.compiler" value="HotSpot 64-Bit Tiered Compilers"/>
    <property name="java.runtime.version" value="11.0.24+7-LTS-271"/>
    <property name="user.name" value="Logs2"/>
    <property name="path.separator" value=";"/>
    <property name="os.version" value="10.0"/>
    <property name="java.runtime.name" value="Java(TM) SE Runtime Environment"/>
    <property name="file.encoding" value="Cp1252"/>
    <property name="java.vm.name" value="Java HotSpot(TM) 64-Bit Server VM"/>
    <property name="java.vendor.version" value="18.9"/>
    <property name="localRepository" value="C:\Users\Logs2\.m2\repository"/>
    <property name="java.vendor.url.bug" value="https://bugreport.java.com/bugreport/"/>
    <property name="java.io.tmpdir" value="C:\Users\Logs2\AppData\Local\Temp\"/>
    <property name="java.version" value="11.0.24"/>
    <property name="user.dir" value="C:\Users\Logs2\git\three-card-poker"/>
    <property name="os.arch" value="amd64"/>
    <property name="java.vm.specification.name" value="Java Virtual Machine Specification"/>
    <property name="java.awt.printerjob" value="sun.awt.windows.WPrinterJob"/>
    <property name="sun.os.patch.level" value=""/>
    <property name="java.library.path" value="C:\Program Files\Java\jdk-11\bin;C:\WINDOWS\Sun\Java\bin;C:\WINDOWS\system32;C:\WINDOWS;C:/Users/Logs2/.p2/pool/plugins/org.eclipse.justj.openjdk.hotspot.jre.full.win32.x86_64_23.0.1.v20241024-1700/jre/bin/server;C:/Users/Logs2/.p2/pool/plugins/org.eclipse.justj.openjdk.hotspot.jre.full.win32.x86_64_23.0.1.v20241024-1700/jre/bin;C:\Program Files\Common Files\Oracle\Java\javapath;C:\Program Files (x86)\Common Files\Oracle\Java\javapath;C:\Program Files\Oculus\Support\oculus-runtime;C:\Windows\system32;C:\Windows;C:\Windows\System32\Wbem;C:\Windows\System32\WindowsPowerShell\v1.0\;C:\Windows\System32\OpenSSH\;C:\Program Files (x86)\NVIDIA Corporation\PhysX\Common;C:\Program Files\NVIDIA Corporation\NVIDIA NvDLISR;C:\WINDOWS\system32;C:\WINDOWS;C:\WINDOWS\System32\Wbem;C:\WINDOWS\System32\WindowsPowerShell\v1.0\;C:\WINDOWS\System32\OpenSSH\;C:\Program Files\dotnet\;C:\Program Files\nodejs\;C:\ProgramData\chocolatey\bin;C:\Program Files\Git\cmd;C:\Program Files\PuTTY\;C:\Users\Logs2\AppData\Local\Microsoft\WindowsApps;C:\Users\Logs2\AppData\Local\GitHubDesktop\bin;C:\Users\Logs2\AppData\Local\Programs\Microsoft VS Code\bin;C:\Users\Logs2\AppData\Roaming\npm;C:\msys64\mingw64\bin;C:\Users\Logs2\AppData\Local\Programs\Python\Python310\Scripts;C:\Users\Logs2\.dotnet\tools;C:\WINDOWS\system32;;."/>
    <property name="java.vendor" value="Oracle Corporation"/>
    <property name="java.vm.info" value="mixed mode"/>
    <property name="java.vm.version" value="11.0.24+7-LTS-271"/>
    <property name="java.specification.maintenance.version" value="2"/>
    <property name="sun.io.unicode.encoding" value="UnicodeLittle"/>
    <property name="java.class.version" value="55.0"/>
  </properties>
  <testcase name="evalHandTest10" classname="ThreeCardLogicTest" time="0"/>
  <testcase name="evalHandTest11" classname="ThreeCardLogicTest" time="0"/>
  <testcase name="evalHandTest12" classname="ThreeCardLogicTest" time="0"/>
  <testcase name="evalHandTest13" classname="ThreeCardLogicTest" time="0"/>
  <testcase name="evalHandTest14" classname="ThreeCardLogicTest" time="0"/>
  <testcase name="evalHandTest15" classname="ThreeCardLogicTest" time="0"/>
  <testcase name="evalHandTest1" classname="ThreeCardLogicTest" time="0"/>
  <testcase name="evalHandTest2" classname="ThreeCardLogicTest" time="0"/>
  <testcase name="evalHandTest3" classname="ThreeCardLogicTest" time="0"/>
  <testcase name="evalHandTest4" classname="ThreeCardLogicTest" time="0"/>
  <testcase name="evalHandTest5" classname="ThreeCardLogicTest" time="0"/>
  <testcase name="evalHandTest6" classname="ThreeCardLogicTest" time="0"/>
  <testcase name="evalHandTest7" classname="ThreeCardLogicTest" time="0"/>
  <testcase name="evalHandTest8" classname="ThreeCardLogicTest" time="0"/>
  <testcase name="evalHandTest9" classname="ThreeCardLogicTest" time="0"/>
  <testcase name="compareTest10" classname="ThreeCardLogicTest" time="0"/>
  <testcase name="compareTest11" classname="ThreeCardLogicTest" time="0"/>
  <testcase name="compareTest12" classname="ThreeCardLogicTest" time="0"/>
  <testcase name="compareTest13" classname="ThreeCardLogicTest" time="0"/>
  <testcase name="compareTest14" classname="ThreeCardLogicTest" time="0"/>
  <testcase name="compareTest15" classname="ThreeCardLogicTest" time="0"/>
  <testcase name="compareTest16" classname="ThreeCardLogicTest" time="0"/>
  <testcase name="compareTest17" classname="ThreeCardLogicTest" time="0"/>
  <testcase name="compareTest18" classname="ThreeCardLogicTest" time="0"/>
  <testcase name="compareTest1" classname="ThreeCardLogicTest" time="0"/>
  <testcase name="compareTest2" classname="ThreeCardLogicTest" time="0"/>
  <testcase name="compareTest3" classname="ThreeCardLogicTest" time="0"/>
  <testcase name="compareTest4" classname="ThreeCardLogicTest" time="0.001"/>
  <testcase name="compareTest5" classname="ThreeCardLogicTest" time="0"/>
  <testcase name="compareTest6" classname="ThreeCardLogicTest" time="0"/>
  <testcase name="compareTest7" classname="ThreeCardLogicTest" time="0"/>
  <testcase name="compareTest8" classname="ThreeCardLogicTest" time="0"/>
  <testcase name="compareTest9" classname="ThreeCardLogicTest" time="0.001"/>
  <testcase name="evalPPTest10" classname="ThreeCardLogicTest" time="0"/>
  <testcase name="evalPPTest11" classname="ThreeCardLogicTest" time="0"/>
  <testcase name="evalPPTest12" classname="ThreeCardLogicTest" time="0"/>
  <testcase name="evalPPTest13" classname="ThreeCardLogicTest" time="0"/>
  <testcase name="evalPPTest14" classname="ThreeCardLogicTest" time="0"/>
  <testcase name="evalPPTest15" classname="ThreeCardLogicTest" time="0"/>
  <testcase name="evalPPTest1" classname="ThreeCardLogicTest" time="0"/>
  <testcase name="evalPPTest2" classname="ThreeCardLogicTest" time="0"/>
  <testcase name="evalPPTest3" classname="ThreeCardLogicTest" time="0"/>
  <testcase name="evalPPTest4" classname="ThreeCardLogicTest" time="0.001"/>
  <testcase name="evalPPTest5" classname="ThreeCardLogicTest" time="0"/>
  <testcase name="evalPPTest6" classname="ThreeCardLogicTest" time="0"/>
  <testcase name="evalPPTest7" classname="ThreeCardLogicTest" time="0"/>
  <testcase name="evalPPTest8" classname="ThreeCardLogicTest" time="0"/>
  <testcase name="evalPPTest9" classname="ThreeCardLogicTest" time="0.001"/>
</testsuite>